#
# There is insufficient memory for the Java Runtime Environment to continue.
# Native memory allocation (malloc) failed to allocate 649136 bytes for Chunk::new
# Possible reasons:
#   The system is out of physical RAM or swap space
#   The process is running with CompressedOops enabled, and the Java Heap may be blocking the growth of the native heap
# Possible solutions:
#   Reduce memory load on the system
#   Increase physical memory or swap space
#   Check if swap backing store is full
#   Decrease Java heap size (-Xmx/-Xms)
#   Decrease number of Java threads
#   Decrease Java thread stack sizes (-Xss)
#   Set larger code cache with -XX:ReservedCodeCacheSize=
#   JVM is running with Unscaled Compressed Oops mode in which the Java heap is
#     placed in the first 4GB address space. The Java Heap base address is the
#     maximum limit for the native heap growth. Please use -XX:HeapBaseMinAddress
#     to set the Java Heap base and to place the Java Heap above 4GB virtual address.
# This output file may be truncated or incomplete.
#
#  Out of Memory Error (allocation.cpp:389), pid=11780, tid=0x0000000000001de4
#
# JRE version: OpenJDK Runtime Environment (8.0_202-b03) (build 1.8.0_202-release-1483-b03)
# Java VM: OpenJDK 64-Bit Server VM (25.202-b03 mixed mode windows-amd64 compressed oops)
# Failed to write core dump. Minidumps are not enabled by default on client versions of Windows
#

---------------  T H R E A D  ---------------

Current thread (0x000000001660d800):  JavaThread "C2 CompilerThread1" daemon [_thread_in_native, id=7652, stack(0x0000000018cd0000,0x0000000018dd0000)]

Stack: [0x0000000018cd0000,0x0000000018dd0000]
[error occurred during error reporting (printing stack bounds), id 0xc0000005]

Native frames: (J=compiled Java code, j=interpreted, Vv=VM code, C=native code)


Current CompileTask:
C2:1212814 17557       4       java.lang.invoke.MethodType::makeImpl (66 bytes)


---------------  P R O C E S S  ---------------

Java Threads: ( => current thread )
  0x00000000207aa000 JavaThread "Cache worker for Java compile cache (C:\Users\JB\Desktop\iot\20-21-IotKitchen\Bluetooth\IOTKITCHEN\.gradle\5.4.1\javaCompile)" [_thread_blocked, id=8880, stack(0x000000002b9a0000,0x000000002baa0000)]
  0x00000000207a4000 JavaThread "Cache worker for Java compile cache (C:\Users\JB\.gradle\caches\5.4.1\javaCompile)" [_thread_blocked, id=5124, stack(0x000000002b8a0000,0x000000002b9a0000)]
  0x00000000207a5800 JavaThread "stdout" [_thread_in_native, id=11704, stack(0x000000002b7a0000,0x000000002b8a0000)]
  0x00000000207a6000 JavaThread "stderr" [_thread_in_native, id=10716, stack(0x000000002b6a0000,0x000000002b7a0000)]
  0x00000000207a4800 JavaThread "stdout" [_thread_in_native, id=3884, stack(0x000000002b5a0000,0x000000002b6a0000)]
  0x000000001f9b2000 JavaThread "stderr" [_thread_in_native, id=5056, stack(0x000000002b4a0000,0x000000002b5a0000)]
  0x000000001f9b1800 JavaThread "stdout" [_thread_in_native, id=9952, stack(0x000000002b3a0000,0x000000002b4a0000)]
  0x000000001f9ad800 JavaThread "stderr" [_thread_in_native, id=12684, stack(0x000000002b2a0000,0x000000002b3a0000)]
  0x000000001f9b0800 JavaThread "stdout" [_thread_in_native, id=8568, stack(0x000000002b1a0000,0x000000002b2a0000)]
  0x000000001f9b0000 JavaThread "stderr" [_thread_in_native, id=1980, stack(0x000000002b0a0000,0x000000002b1a0000)]
  0x000000001f9af000 JavaThread "stdout" [_thread_in_native, id=13476, stack(0x000000002afa0000,0x000000002b0a0000)]
  0x000000001f9ac800 JavaThread "stderr" [_thread_in_native, id=9056, stack(0x000000002aea0000,0x000000002afa0000)]
  0x000000001f9ab000 JavaThread "stdout" [_thread_in_native, id=4664, stack(0x000000002ada0000,0x000000002aea0000)]
  0x000000001f9ac000 JavaThread "stderr" [_thread_in_native, id=1160, stack(0x000000002a0d0000,0x000000002a1d0000)]
  0x000000001f9ae800 JavaThread "stdout" [_thread_in_native, id=4652, stack(0x0000000029fd0000,0x000000002a0d0000)]
  0x000000001f9a9800 JavaThread "stderr" [_thread_in_native, id=14060, stack(0x0000000029ce0000,0x0000000029de0000)]
  0x000000001f9a7800 JavaThread "stdout" [_thread_in_native, id=8632, stack(0x0000000029ed0000,0x0000000029fd0000)]
  0x000000001f9a9000 JavaThread "stderr" [_thread_in_native, id=9576, stack(0x0000000029be0000,0x0000000029ce0000)]
  0x000000001f9aa800 JavaThread "WorkerExecutor Queue Thread 8" [_thread_blocked, id=4184, stack(0x000000002aca0000,0x000000002ada0000)]
  0x000000001f9a8000 JavaThread "WorkerExecutor Queue Thread 7" [_thread_blocked, id=11148, stack(0x000000002aba0000,0x000000002aca0000)]
  0x000000001f9a3800 JavaThread "WorkerExecutor Queue Thread 6" [_thread_blocked, id=236, stack(0x000000002aaa0000,0x000000002aba0000)]
  0x000000001f9a4800 JavaThread "pool-8-thread-1" [_thread_blocked, id=10276, stack(0x000000002a9a0000,0x000000002aaa0000)]
  0x000000001f9a6800 JavaThread "WorkerExecutor Queue Thread 5" [_thread_blocked, id=13960, stack(0x000000002a5a0000,0x000000002a6a0000)]
  0x000000001f9a3000 JavaThread "WorkerExecutor Queue Thread 4" [_thread_in_Java, id=12668, stack(0x000000002a4a0000,0x000000002a5a0000)]
  0x000000001f9a6000 JavaThread "WorkerExecutor Queue Thread 3" [_thread_in_native, id=5164, stack(0x000000002a3a0000,0x000000002a4a0000)]
  0x000000001f9a5000 JavaThread "WorkerExecutor Queue Thread 2" [_thread_in_Java, id=4048, stack(0x000000002a2a0000,0x000000002a3a0000)]
  0x000000001a868800 JavaThread "WorkerExecutor Queue" [_thread_blocked, id=9572, stack(0x0000000029ae0000,0x0000000029be0000)]
  0x000000001a86b800 JavaThread "Cache worker for execution history cache (C:\Users\JB\Desktop\iot\20-21-IotKitchen\Bluetooth\IOTKITCHEN\.gradle\5.4.1\executionHistory)" [_thread_blocked, id=11740, stack(0x00000000299e0000,0x0000000029ae0000)]
  0x000000001a865000 JavaThread "Execution worker for ':' Thread 7" [_thread_blocked, id=13196, stack(0x00000000298e0000,0x00000000299e0000)]
  0x00000000219e1800 JavaThread "Execution worker for ':' Thread 6" [_thread_blocked, id=11192, stack(0x00000000297e0000,0x00000000298e0000)]
  0x00000000219e4000 JavaThread "Execution worker for ':' Thread 5" [_thread_blocked, id=5380, stack(0x00000000296e0000,0x00000000297e0000)]
  0x00000000219e3000 JavaThread "Execution worker for ':' Thread 4" [_thread_blocked, id=6912, stack(0x00000000295e0000,0x00000000296e0000)]
  0x00000000219de800 JavaThread "Execution worker for ':' Thread 3" [_thread_blocked, id=8612, stack(0x00000000294e0000,0x00000000295e0000)]
  0x00000000219df000 JavaThread "Execution worker for ':' Thread 2" [_thread_blocked, id=12848, stack(0x00000000293e0000,0x00000000294e0000)]
  0x00000000219d9000 JavaThread "Execution worker for ':'" [_thread_blocked, id=4316, stack(0x0000000027e10000,0x0000000027f10000)]
  0x00000000219dc000 JavaThread "Cache worker for file content cache (C:\Users\JB\Desktop\iot\20-21-IotKitchen\Bluetooth\IOTKITCHEN\.gradle\5.4.1\fileContent)" [_thread_blocked, id=7108, stack(0x0000000027910000,0x0000000027a10000)]
  0x00000000219db800 JavaThread "Cache worker for file content cache (C:\Users\JB\.gradle\caches\5.4.1\fileContent)" [_thread_blocked, id=704, stack(0x0000000027410000,0x0000000027510000)]
  0x00000000219da000 JavaThread "Cache worker for Build Output Cleanup Cache (C:\Users\JB\Desktop\iot\20-21-IotKitchen\Bluetooth\IOTKITCHEN\.gradle\buildOutputCleanup)" [_thread_blocked, id=13292, stack(0x0000000025860000,0x0000000025960000)]
  0x00000000219da800 JavaThread "Build operations Thread 8" [_thread_blocked, id=5748, stack(0x0000000025420000,0x0000000025520000)]
  0x00000000219d5800 JavaThread "Build operations Thread 7" [_thread_blocked, id=972, stack(0x0000000024510000,0x0000000024610000)]
  0x00000000219d8800 JavaThread "Build operations Thread 6" [_thread_blocked, id=10932, stack(0x0000000024410000,0x0000000024510000)]
  0x00000000215a0800 JavaThread "Build operations Thread 5" [_thread_blocked, id=6148, stack(0x0000000024310000,0x0000000024410000)]
  0x000000002159f800 JavaThread "Build operations Thread 4" [_thread_blocked, id=4620, stack(0x0000000024210000,0x0000000024310000)]
  0x000000002159c000 JavaThread "Build operations Thread 3" [_thread_blocked, id=1116, stack(0x0000000024110000,0x0000000024210000)]
  0x000000002159e000 JavaThread "Build operations Thread 2" [_thread_blocked, id=9800, stack(0x0000000024010000,0x0000000024110000)]
  0x000000002159f000 JavaThread "Build operations" [_thread_blocked, id=9304, stack(0x0000000023f10000,0x0000000024010000)]
  0x000000002159a800 JavaThread "Cache worker for cache directory md-rule (C:\Users\JB\.gradle\caches\5.4.1\md-rule)" [_thread_blocked, id=8052, stack(0x0000000023e10000,0x0000000023f10000)]
  0x000000002159b000 JavaThread "Cache worker for cache directory md-supplier (C:\Users\JB\.gradle\caches\5.4.1\md-supplier)" [_thread_blocked, id=10980, stack(0x0000000023680000,0x0000000023780000)]
  0x000000002159d800 JavaThread "Cache worker for file hash cache (C:\Users\JB\Desktop\iot\20-21-IotKitchen\Bluetooth\IOTKITCHEN\.gradle\5.4.1\fileHashes)" [_thread_blocked, id=14860, stack(0x0000000023080000,0x0000000023180000)]
  0x0000000021599000 JavaThread "Thread-89" [_thread_blocked, id=13948, stack(0x0000000020ef0000,0x0000000020ff0000)]
  0x0000000021599800 JavaThread "Stdin handler" [_thread_blocked, id=2240, stack(0x00000000207f0000,0x00000000208f0000)]
  0x0000000021595000 JavaThread "Asynchronous log dispatcher for DefaultDaemonConnection: socket connection from /127.0.0.1:49437 to /127.0.0.1:49711" [_thread_blocked, id=7340, stack(0x000000001d080000,0x000000001d180000)]
  0x0000000021598000 JavaThread "Daemon worker Thread 2" [_thread_blocked, id=10556, stack(0x000000001cd80000,0x000000001ce80000)]
  0x0000000021596800 JavaThread "Cancel handler" [_thread_blocked, id=2784, stack(0x000000001cc80000,0x000000001cd80000)]
  0x0000000021593000 JavaThread "Handler for socket connection from /127.0.0.1:49437 to /127.0.0.1:49711" [_thread_in_native, id=8000, stack(0x000000001c980000,0x000000001ca80000)]
  0x0000000021596000 JavaThread "Daemon Thread 2" [_thread_blocked, id=8188, stack(0x000000001c880000,0x000000001c980000)]
  0x00000000219e0800 JavaThread "Memory manager" [_thread_blocked, id=8972, stack(0x0000000025560000,0x0000000025660000)]
  0x00000000219d7800 JavaThread "Cache worker for execution history cache (C:\Users\JB\.gradle\caches\5.4.1\executionHistory)" [_thread_blocked, id=10856, stack(0x0000000023180000,0x0000000023280000)]
  0x000000001a867000 JavaThread "Cache worker for journal cache (C:\Users\JB\.gradle\caches\journal-1)" [_thread_blocked, id=13364, stack(0x000000001e550000,0x000000001e650000)]
  0x000000001a866800 JavaThread "File lock request listener" [_thread_in_native, id=5400, stack(0x000000001e250000,0x000000001e350000)]
  0x000000001a868000 JavaThread "Cache worker for file hash cache (C:\Users\JB\.gradle\caches\5.4.1\fileHashes)" [_thread_blocked, id=7616, stack(0x000000001e150000,0x000000001e250000)]
  0x000000001a937800 JavaThread "Daemon periodic checks" [_thread_blocked, id=14032, stack(0x000000001c780000,0x000000001c880000)]
  0x000000001a6cd800 JavaThread "Incoming local TCP Connector on port 49437" [_thread_in_native, id=3244, stack(0x000000001c680000,0x000000001c780000)]
  0x000000001a6ad800 JavaThread "Daemon health stats" [_thread_blocked, id=3780, stack(0x000000001c380000,0x000000001c480000)]
  0x00000000184ff800 JavaThread "Service Thread" daemon [_thread_blocked, id=3888, stack(0x0000000018fd0000,0x00000000190d0000)]
  0x000000001846b800 JavaThread "C1 CompilerThread3" daemon [_thread_in_vm, id=12556, stack(0x0000000018ed0000,0x0000000018fd0000)]
  0x0000000018468800 JavaThread "C2 CompilerThread2" daemon [_thread_in_native, id=9292, stack(0x0000000018dd0000,0x0000000018ed0000)]
=>0x000000001660d800 JavaThread "C2 CompilerThread1" daemon [_thread_in_native, id=7652, stack(0x0000000018cd0000,0x0000000018dd0000)]
  0x000000001660a800 JavaThread "C2 CompilerThread0" daemon [_thread_in_native, id=2124, stack(0x0000000018bd0000,0x0000000018cd0000)]
  0x0000000018460800 JavaThread "Attach Listener" daemon [_thread_blocked, id=11476, stack(0x0000000018ad0000,0x0000000018bd0000)]
  0x000000001840d800 JavaThread "Signal Dispatcher" daemon [_thread_blocked, id=13504, stack(0x00000000189d0000,0x0000000018ad0000)]
  0x000000000283d800 JavaThread "Finalizer" daemon [_thread_blocked, id=14272, stack(0x00000000188d0000,0x00000000189d0000)]
  0x00000000165fc800 JavaThread "Reference Handler" daemon [_thread_blocked, id=13032, stack(0x00000000187d0000,0x00000000188d0000)]
  0x000000000273d800 JavaThread "main" [_thread_blocked, id=13788, stack(0x0000000002590000,0x0000000002690000)]

Other Threads:
  0x00000000165f7800 VMThread [stack: 0x00000000182d0000,0x00000000183d0000] [id=8352]
  0x0000000018500800 WatcherThread [stack: 0x00000000190d0000,0x00000000191d0000] [id=14000]

VM state:not at safepoint (normal execution)

VM Mutex/Monitor currently owned by a thread:  ([mutex/lock_event])
[0x00000000027410d0] CompiledIC_lock - owner thread: 0x000000001f9a5000

heap address: 0x00000000a0000000, size: 1536 MB, Compressed Oops mode: 32-bit
Narrow klass base: 0x0000000000000000, Narrow klass shift: 3
Compressed class space size: 1073741824 Address: 0x0000000100000000

Heap:
 PSYoungGen      total 327168K, used 314224K [0x00000000e0000000, 0x00000000f8480000, 0x0000000100000000)
  eden space 295936K, 98% used [0x00000000e0000000,0x00000000f1c6f908,0x00000000f2100000)
  from space 31232K, 73% used [0x00000000f2100000,0x00000000f376c9a0,0x00000000f3f80000)
  to   space 32256K, 0% used [0x00000000f6500000,0x00000000f6500000,0x00000000f8480000)
 ParOldGen       total 256000K, used 58263K [0x00000000a0000000, 0x00000000afa00000, 0x00000000e0000000)
  object space 256000K, 22% used [0x00000000a0000000,0x00000000a38e5f40,0x00000000afa00000)
 Metaspace       used 93852K, capacity 98440K, committed 98472K, reserved 1134592K
  class space    used 12056K, capacity 12960K, committed 12968K, reserved 1048576K

Card table byte_map: [0x0000000011c00000,0x0000000011f10000] byte_map_base: 0x0000000011700000

Marking Bits: (ParMarkBitMap*) 0x0000000059229f30
 Begin Bits: [0x0000000012910000, 0x0000000014110000)
 End Bits:   [0x0000000014110000, 0x0000000015910000)

Polling page: 0x0000000000970000

CodeCache: size=245760Kb used=51617Kb max_used=51884Kb free=194142Kb
 bounds [0x0000000002840000, 0x0000000005b70000, 0x0000000011840000]
 total_blobs=15410 nmethods=14499 adapters=822
 compilation: enabled

Compilation events (10 events):
Event: 1212.734 Thread 0x000000001846b800 nmethod 17638 0x00000000052c87d0 code [0x00000000052c8920, 0x00000000052c8a30]
Event: 1212.734 Thread 0x000000001846b800 17653       1       com.android.tools.r8.code.w::getSize (2 bytes)
Event: 1212.734 Thread 0x000000001846b800 nmethod 17653 0x00000000052c8510 code [0x00000000052c8660, 0x00000000052c8770]
Event: 1212.734 Thread 0x000000001846b800 17645       1       com.android.tools.r8.ir.code.Instruction::s1 (2 bytes)
Event: 1212.734 Thread 0x000000001846b800 nmethod 17645 0x00000000052c8250 code [0x00000000052c83a0, 0x00000000052c84b0]
Event: 1212.734 Thread 0x000000001846b800 17650       1       java.util.stream.TerminalOp::getOpFlags (2 bytes)
Event: 1212.734 Thread 0x000000001846b800 nmethod 17650 0x00000000052c7f90 code [0x00000000052c80e0, 0x00000000052c81f0]
Event: 1212.734 Thread 0x000000001846b800 17657       1       com.android.tools.r8.m.a.a.a.P::apply (2 bytes)
Event: 1212.734 Thread 0x000000001846b800 nmethod 17657 0x00000000052c7cd0 code [0x00000000052c7e20, 0x00000000052c7f30]
Event: 1212.735 Thread 0x000000001846b800 17660       3       com.android.tools.r8.n.a.a.a.d::a (10 bytes)

GC Heap History (10 events):
Event: 47.576 GC heap before
{Heap before GC invocations=14 (full 3):
 PSYoungGen      total 238592K, used 238238K [0x00000000e0000000, 0x00000000f1100000, 0x0000000100000000)
  eden space 224256K, 100% used [0x00000000e0000000,0x00000000edb00000,0x00000000edb00000)
  from space 14336K, 97% used [0x00000000f0300000,0x00000000f10a7988,0x00000000f1100000)
  to   space 23040K, 0% used [0x00000000ee400000,0x00000000ee400000,0x00000000efa80000)
 ParOldGen       total 256000K, used 34215K [0x00000000a0000000, 0x00000000afa00000, 0x00000000e0000000)
  object space 256000K, 13% used [0x00000000a0000000,0x00000000a2169f08,0x00000000afa00000)
 Metaspace       used 73818K, capacity 77268K, committed 77608K, reserved 1116160K
  class space    used 9715K, capacity 10433K, committed 10536K, reserved 1048576K
Event: 47.704 GC heap after
Heap after GC invocations=14 (full 3):
 PSYoungGen      total 256512K, used 23029K [0x00000000e0000000, 0x00000000f3580000, 0x0000000100000000)
  eden space 233472K, 0% used [0x00000000e0000000,0x00000000e0000000,0x00000000ee400000)
  from space 23040K, 99% used [0x00000000ee400000,0x00000000efa7d460,0x00000000efa80000)
  to   space 27136K, 0% used [0x00000000f1b00000,0x00000000f1b00000,0x00000000f3580000)
 ParOldGen       total 256000K, used 38793K [0x00000000a0000000, 0x00000000afa00000, 0x00000000e0000000)
  object space 256000K, 15% used [0x00000000a0000000,0x00000000a25e26a0,0x00000000afa00000)
 Metaspace       used 73818K, capacity 77268K, committed 77608K, reserved 1116160K
  class space    used 9715K, capacity 10433K, committed 10536K, reserved 1048576K
}
Event: 51.633 GC heap before
{Heap before GC invocations=15 (full 3):
 PSYoungGen      total 256512K, used 256501K [0x00000000e0000000, 0x00000000f3580000, 0x0000000100000000)
  eden space 233472K, 100% used [0x00000000e0000000,0x00000000ee400000,0x00000000ee400000)
  from space 23040K, 99% used [0x00000000ee400000,0x00000000efa7d460,0x00000000efa80000)
  to   space 27136K, 0% used [0x00000000f1b00000,0x00000000f1b00000,0x00000000f3580000)
 ParOldGen       total 256000K, used 38793K [0x00000000a0000000, 0x00000000afa00000, 0x00000000e0000000)
  object space 256000K, 15% used [0x00000000a0000000,0x00000000a25e26a0,0x00000000afa00000)
 Metaspace       used 78055K, capacity 81624K, committed 81832K, reserved 1120256K
  class space    used 10155K, capacity 10903K, committed 10920K, reserved 1048576K
Event: 51.785 GC heap after
Heap after GC invocations=15 (full 3):
 PSYoungGen      total 284672K, used 27110K [0x00000000e0000000, 0x00000000f5180000, 0x0000000100000000)
  eden space 257536K, 0% used [0x00000000e0000000,0x00000000e0000000,0x00000000efb80000)
  from space 27136K, 99% used [0x00000000f1b00000,0x00000000f35798b0,0x00000000f3580000)
  to   space 32256K, 0% used [0x00000000efb80000,0x00000000efb80000,0x00000000f1b00000)
 ParOldGen       total 256000K, used 43117K [0x00000000a0000000, 0x00000000afa00000, 0x00000000e0000000)
  object space 256000K, 16% used [0x00000000a0000000,0x00000000a2a1b6e0,0x00000000afa00000)
 Metaspace       used 78055K, capacity 81624K, committed 81832K, reserved 1120256K
  class space    used 10155K, capacity 10903K, committed 10920K, reserved 1048576K
}
Event: 1201.082 GC heap before
{Heap before GC invocations=16 (full 3):
 PSYoungGen      total 284672K, used 284646K [0x00000000e0000000, 0x00000000f5180000, 0x0000000100000000)
  eden space 257536K, 100% used [0x00000000e0000000,0x00000000efb80000,0x00000000efb80000)
  from space 27136K, 99% used [0x00000000f1b00000,0x00000000f35798b0,0x00000000f3580000)
  to   space 32256K, 0% used [0x00000000efb80000,0x00000000efb80000,0x00000000f1b00000)
 ParOldGen       total 256000K, used 43117K [0x00000000a0000000, 0x00000000afa00000, 0x00000000e0000000)
  object space 256000K, 16% used [0x00000000a0000000,0x00000000a2a1b6e0,0x00000000afa00000)
 Metaspace       used 79353K, capacity 83238K, committed 83368K, reserved 1122304K
  class space    used 10263K, capacity 11071K, committed 11176K, reserved 1048576K
Event: 1201.107 GC heap after
Heap after GC invocations=16 (full 3):
 PSYoungGen      total 289792K, used 7194K [0x00000000e0000000, 0x00000000f6480000, 0x0000000100000000)
  eden space 257536K, 0% used [0x00000000e0000000,0x00000000e0000000,0x00000000efb80000)
  from space 32256K, 22% used [0x00000000efb80000,0x00000000f0286ab8,0x00000000f1b00000)
  to   space 32256K, 0% used [0x00000000f4500000,0x00000000f4500000,0x00000000f6480000)
 ParOldGen       total 256000K, used 58239K [0x00000000a0000000, 0x00000000afa00000, 0x00000000e0000000)
  object space 256000K, 22% used [0x00000000a0000000,0x00000000a38dff40,0x00000000afa00000)
 Metaspace       used 79353K, capacity 83238K, committed 83368K, reserved 1122304K
  class space    used 10263K, capacity 11071K, committed 11176K, reserved 1048576K
}
Event: 1204.027 GC heap before
{Heap before GC invocations=17 (full 3):
 PSYoungGen      total 289792K, used 264730K [0x00000000e0000000, 0x00000000f6480000, 0x0000000100000000)
  eden space 257536K, 100% used [0x00000000e0000000,0x00000000efb80000,0x00000000efb80000)
  from space 32256K, 22% used [0x00000000efb80000,0x00000000f0286ab8,0x00000000f1b00000)
  to   space 32256K, 0% used [0x00000000f4500000,0x00000000f4500000,0x00000000f6480000)
 ParOldGen       total 256000K, used 58239K [0x00000000a0000000, 0x00000000afa00000, 0x00000000e0000000)
  object space 256000K, 22% used [0x00000000a0000000,0x00000000a38dff40,0x00000000afa00000)
 Metaspace       used 80972K, capacity 85034K, committed 85288K, reserved 1124352K
  class space    used 10419K, capacity 11223K, committed 11304K, reserved 1048576K
Event: 1204.050 GC heap after
Heap after GC invocations=17 (full 3):
 PSYoungGen      total 321536K, used 16942K [0x00000000e0000000, 0x00000000f5e00000, 0x0000000100000000)
  eden space 295936K, 0% used [0x00000000e0000000,0x00000000e0000000,0x00000000f2100000)
  from space 25600K, 66% used [0x00000000f4500000,0x00000000f558b940,0x00000000f5e00000)
  to   space 31232K, 0% used [0x00000000f2100000,0x00000000f2100000,0x00000000f3f80000)
 ParOldGen       total 256000K, used 58255K [0x00000000a0000000, 0x00000000afa00000, 0x00000000e0000000)
  object space 256000K, 22% used [0x00000000a0000000,0x00000000a38e3f40,0x00000000afa00000)
 Metaspace       used 80972K, capacity 85034K, committed 85288K, reserved 1124352K
  class space    used 10419K, capacity 11223K, committed 11304K, reserved 1048576K
}
Event: 1209.154 GC heap before
{Heap before GC invocations=18 (full 3):
 PSYoungGen      total 321536K, used 312428K [0x00000000e0000000, 0x00000000f5e00000, 0x0000000100000000)
  eden space 295936K, 99% used [0x00000000e0000000,0x00000000f208f800,0x00000000f2100000)
  from space 25600K, 66% used [0x00000000f4500000,0x00000000f558b940,0x00000000f5e00000)
  to   space 31232K, 0% used [0x00000000f2100000,0x00000000f2100000,0x00000000f3f80000)
 ParOldGen       total 256000K, used 58255K [0x00000000a0000000, 0x00000000afa00000, 0x00000000e0000000)
  object space 256000K, 22% used [0x00000000a0000000,0x00000000a38e3f40,0x00000000afa00000)
 Metaspace       used 85730K, capacity 89792K, committed 89896K, reserved 1128448K
  class space    used 11000K, capacity 11814K, committed 11816K, reserved 1048576K
Event: 1209.171 GC heap after
Heap after GC invocations=18 (full 3):
 PSYoungGen      total 327168K, used 22962K [0x00000000e0000000, 0x00000000f8480000, 0x0000000100000000)
  eden space 295936K, 0% used [0x00000000e0000000,0x00000000e0000000,0x00000000f2100000)
  from space 31232K, 73% used [0x00000000f2100000,0x00000000f376c9a0,0x00000000f3f80000)
  to   space 32256K, 0% used [0x00000000f6500000,0x00000000f6500000,0x00000000f8480000)
 ParOldGen       total 256000K, used 58263K [0x00000000a0000000, 0x00000000afa00000, 0x00000000e0000000)
  object space 256000K, 22% used [0x00000000a0000000,0x00000000a38e5f40,0x00000000afa00000)
 Metaspace       used 85730K, capacity 89792K, committed 89896K, reserved 1128448K
  class space    used 11000K, capacity 11814K, committed 11816K, reserved 1048576K
}

Deoptimization events (10 events):
Event: 1211.974 Thread 0x000000001f9a6000 Uncommon trap: reason=class_check action=maybe_recompile pc=0x00000000053a246c method=com.google.common.collect.Iterables.castOrCopyToCollection(Ljava/lang/Iterable;)Ljava/util/Collection; @ 1
Event: 1212.182 Thread 0x000000001f9a6000 Uncommon trap: reason=class_check action=maybe_recompile pc=0x0000000005b166a0 method=com.android.tools.build.apkzlib.zip.ZipField.checkVerifiesInvariants(J)V @ 25
Event: 1212.219 Thread 0x000000001f9a6000 Uncommon trap: reason=class_check action=maybe_recompile pc=0x0000000005398958 method=com.google.common.collect.ImmutableMap.copyOf(Ljava/util/Map;)Lcom/google/common/collect/ImmutableMap; @ 49
Event: 1212.219 Thread 0x000000001f9a6000 Uncommon trap: reason=class_check action=maybe_recompile pc=0x00000000053a246c method=com.google.common.collect.Iterables.castOrCopyToCollection(Ljava/lang/Iterable;)Ljava/util/Collection; @ 1
Event: 1212.257 Thread 0x000000001f9a6000 Uncommon trap: reason=class_check action=maybe_recompile pc=0x0000000005b166a0 method=com.android.tools.build.apkzlib.zip.ZipField.checkVerifiesInvariants(J)V @ 25
Event: 1212.332 Thread 0x000000001f9a6000 Uncommon trap: reason=class_check action=maybe_recompile pc=0x0000000005afdd78 method=com.android.tools.build.apkzlib.zip.ZipField.checkVerifiesInvariants(J)V @ 25
Event: 1212.548 Thread 0x000000001f9a3000 Uncommon trap: reason=bimorphic action=maybe_recompile pc=0x0000000003f3a7c4 method=java.util.Collections$SetFromMap.contains(Ljava/lang/Object;)Z @ 5
Event: 1212.550 Thread 0x000000001f9a5000 Uncommon trap: reason=bimorphic action=maybe_recompile pc=0x0000000003f3a7c4 method=java.util.Collections$SetFromMap.contains(Ljava/lang/Object;)Z @ 5
Event: 1212.552 Thread 0x000000001f9aa800 Uncommon trap: reason=bimorphic action=maybe_recompile pc=0x0000000003f3a7c4 method=java.util.Collections$SetFromMap.contains(Ljava/lang/Object;)Z @ 5
Event: 1212.559 Thread 0x000000001f9a6800 Uncommon trap: reason=bimorphic action=maybe_recompile pc=0x0000000003f3a7c4 method=java.util.Collections$SetFromMap.contains(Ljava/lang/Object;)Z @ 5

Classes redefined (0 events):
No events

Internal exceptions (10 events):
Event: 1211.466 Thread 0x00000000219e1800 Exception <a 'java/lang/NoSuchMethodError': <clinit>> (0x00000000eb2a9448) thrown at [D:\src\AOSP-openjdk-cygwin\jdk8u\hotspot\src\share\vm\prims\jni.cpp, line 1614]
Event: 1211.468 Thread 0x00000000219e1800 Exception <a 'java/lang/NoSuchMethodError': <clinit>> (0x00000000eb3325b0) thrown at [D:\src\AOSP-openjdk-cygwin\jdk8u\hotspot\src\share\vm\prims\jni.cpp, line 1614]
Event: 1211.470 Thread 0x00000000219e1800 Exception <a 'java/lang/NoSuchMethodError': <clinit>> (0x00000000eb349068) thrown at [D:\src\AOSP-openjdk-cygwin\jdk8u\hotspot\src\share\vm\prims\jni.cpp, line 1614]
Event: 1211.470 Thread 0x00000000219e1800 Exception <a 'java/lang/NoSuchMethodError': <clinit>> (0x00000000eb4a02f0) thrown at [D:\src\AOSP-openjdk-cygwin\jdk8u\hotspot\src\share\vm\prims\jni.cpp, line 1614]
Event: 1211.485 Thread 0x000000001f9aa800 Exception <a 'java/lang/NoSuchMethodError': java.lang.Object.lambda$static$0(Ljava/lang/String;)Z> (0x00000000ebd30aa0) thrown at [D:\src\AOSP-openjdk-cygwin\jdk8u\hotspot\src\share\vm\interpreter\linkResolver.cpp, line 620]
Event: 1211.718 Thread 0x000000001f9aa800 Exception <a 'sun/nio/fs/WindowsException'> (0x00000000eeb37968) thrown at [D:\src\AOSP-openjdk-cygwin\jdk8u\hotspot\src\share\vm\prims\jni.cpp, line 710]
Event: 1211.735 Thread 0x000000001f9a6800 Exception <a 'sun/nio/fs/WindowsException'> (0x00000000eeb9fe18) thrown at [D:\src\AOSP-openjdk-cygwin\jdk8u\hotspot\src\share\vm\prims\jni.cpp, line 710]
Event: 1211.738 Thread 0x000000001f9a5000 Exception <a 'sun/nio/fs/WindowsException'> (0x00000000eebf3170) thrown at [D:\src\AOSP-openjdk-cygwin\jdk8u\hotspot\src\share\vm\prims\jni.cpp, line 710]
Event: 1211.755 Thread 0x000000001f9a3000 Exception <a 'sun/nio/fs/WindowsException'> (0x00000000eed14fb8) thrown at [D:\src\AOSP-openjdk-cygwin\jdk8u\hotspot\src\share\vm\prims\jni.cpp, line 710]
Event: 1212.562 Thread 0x000000001f9a3000 Exception <a 'java/lang/NoSuchMethodError': java.lang.Object.lambda$maxBy$1(Ljava/util/Comparator;Ljava/lang/Object;Ljava/lang/Object;)Ljava/lang/Object;> (0x00000000f129d8a8) thrown at [D:\src\AOSP-openjdk-cygwin\jdk8u\hotspot\src\share\vm\interpreter\li

Events (10 events):
Event: 1212.733 loading class com/android/tools/r8/ir/analysis/type/Nullability
Event: 1212.733 loading class com/android/tools/r8/ir/analysis/type/Nullability done
Event: 1212.733 loading class com/android/tools/r8/ir/analysis/type/Nullability
Event: 1212.733 loading class com/android/tools/r8/ir/analysis/type/Nullability done
Event: 1212.733 loading class com/android/tools/r8/ir/analysis/type/ClassTypeLatticeElement
Event: 1212.733 loading class com/android/tools/r8/ir/analysis/type/ClassTypeLatticeElement done
Event: 1212.734 loading class com/android/tools/r8/cf/code/CfConstClass
Event: 1212.734 loading class com/android/tools/r8/cf/code/CfConstClass done
Event: 1212.734 loading class com/android/tools/r8/code/ConstClass
Event: 1212.734 loading class com/android/tools/r8/code/ConstClass done


Dynamic libraries:
0x00007ff70c800000 - 0x00007ff70c831000 	C:\Program Files\Android\Android Studio\jre\bin\java.exe
0x00007ffdb7480000 - 0x00007ffdb762d000 	C:\Windows\SYSTEM32\ntdll.dll
0x00007ffdb6ae0000 - 0x00007ffdb6c1f000 	C:\Windows\system32\KERNEL32.DLL
0x00007ffdb4600000 - 0x00007ffdb4716000 	C:\Windows\system32\KERNELBASE.dll
0x00007ffdb67f0000 - 0x00007ffdb689a000 	C:\Windows\system32\ADVAPI32.dll
0x00007ffdb4e30000 - 0x00007ffdb4fa7000 	C:\Windows\system32\USER32.dll
0x00007ffdb1c00000 - 0x00007ffdb1e7b000 	C:\Windows\WinSxS\amd64_microsoft.windows.common-controls_6595b64144ccf1df_6.0.9600.19394_none_62486577ecb635cf\COMCTL32.dll
0x00007ffdb5100000 - 0x00007ffdb51aa000 	C:\Windows\system32\msvcrt.dll
0x00007ffdb4dc0000 - 0x00007ffdb4e19000 	C:\Windows\SYSTEM32\sechost.dll
0x00007ffdb4fc0000 - 0x00007ffdb5100000 	C:\Windows\system32\RPCRT4.dll
0x00007ffdb68a0000 - 0x00007ffdb69ec000 	C:\Windows\system32\GDI32.dll
0x00007ffdb4730000 - 0x00007ffdb475e000 	C:\Windows\system32\SspiCli.dll
0x00007ffdb4970000 - 0x00007ffdb49a6000 	C:\Windows\system32\IMM32.DLL
0x00007ffdb4810000 - 0x00007ffdb4962000 	C:\Windows\system32\MSCTF.dll
0x000000005a510000 - 0x000000005a5e2000 	C:\Program Files\Android\Android Studio\jre\jre\bin\msvcr100.dll
0x0000000058a60000 - 0x00000000592a6000 	C:\Program Files\Android\Android Studio\jre\jre\bin\server\jvm.dll
0x00007ffdb2460000 - 0x00007ffdb2469000 	C:\Windows\SYSTEM32\WSOCK32.dll
0x00007ffdb43f0000 - 0x00007ffdb4412000 	C:\Windows\system32\WINMM.dll
0x00007ffdb3270000 - 0x00007ffdb327a000 	C:\Windows\SYSTEM32\VERSION.dll
0x00007ffdb4fb0000 - 0x00007ffdb4fb7000 	C:\Windows\system32\PSAPI.DLL
0x00007ffdb4b50000 - 0x00007ffdb4baa000 	C:\Windows\system32\WS2_32.dll
0x00007ffdb42a0000 - 0x00007ffdb42ca000 	C:\Windows\system32\WINMMBASE.dll
0x00007ffdb52b0000 - 0x00007ffdb52b9000 	C:\Windows\system32\NSI.dll
0x00007ffdb43a0000 - 0x00007ffdb43ef000 	C:\Windows\SYSTEM32\cfgmgr32.dll
0x00007ffdb4270000 - 0x00007ffdb4298000 	C:\Windows\system32\DEVOBJ.dll
0x00007ffdb23b0000 - 0x00007ffdb23bf000 	C:\Program Files\Android\Android Studio\jre\jre\bin\verify.dll
0x00007ffdae010000 - 0x00007ffdae039000 	C:\Program Files\Android\Android Studio\jre\jre\bin\java.dll
0x00007ffdab920000 - 0x00007ffdab936000 	C:\Program Files\Android\Android Studio\jre\jre\bin\zip.dll
0x00007ffdb52c0000 - 0x00007ffdb67eb000 	C:\Windows\system32\SHELL32.dll
0x00007ffdb4bb0000 - 0x00007ffdb4dc0000 	C:\Windows\SYSTEM32\combase.dll
0x00007ffdb6cc0000 - 0x00007ffdb6d14000 	C:\Windows\system32\SHLWAPI.dll
0x00007ffdb2c80000 - 0x00007ffdb2d32000 	C:\Windows\SYSTEM32\SHCORE.dll
0x00007ffdb41c0000 - 0x00007ffdb41d5000 	C:\Windows\SYSTEM32\profapi.dll
0x00007ffdab390000 - 0x00007ffdab3aa000 	C:\Program Files\Android\Android Studio\jre\jre\bin\net.dll
0x0000000180000000 - 0x000000018008c000 	C:\Windows\system32\ASProxy64.dll
0x00007ffdb3aa0000 - 0x00007ffdb3af9000 	C:\Windows\SYSTEM32\MSWSOCK.dll
0x00007ffdb3280000 - 0x00007ffdb32aa000 	C:\Windows\SYSTEM32\IPHLPAPI.DLL
0x00007ffdb7100000 - 0x00007ffdb7294000 	C:\Windows\system32\ole32.dll
0x00007ffdb6a10000 - 0x00007ffdb6ad7000 	C:\Windows\system32\OLEAUT32.dll
0x00007ffdb3260000 - 0x00007ffdb326a000 	C:\Windows\SYSTEM32\WINNSI.DLL
0x00007ffdab2f0000 - 0x00007ffdab301000 	C:\Program Files\Android\Android Studio\jre\jre\bin\nio.dll
0x00007ffda5a90000 - 0x00007ffda5ab6000 	C:\Users\JB\.gradle\native\29\windows-amd64\native-platform.dll
0x00007ffdb3020000 - 0x00007ffdb302b000 	C:\Windows\SYSTEM32\kernel.appcore.dll
0x00007ffdb40e0000 - 0x00007ffdb40eb000 	C:\Windows\SYSTEM32\CRYPTBASE.dll
0x00007ffdb4070000 - 0x00007ffdb40d3000 	C:\Windows\SYSTEM32\bcryptPrimitives.dll
0x00007ffdb2ad0000 - 0x00007ffdb2bf9000 	C:\Windows\system32\uxtheme.dll
0x00007ffdb14b0000 - 0x00007ffdb14bd000 	C:\Program Files\Android\Android Studio\jre\jre\bin\management.dll
0x00007ffdb3b00000 - 0x00007ffdb3b20000 	C:\Windows\SYSTEM32\CRYPTSP.dll
0x00007ffdb36d0000 - 0x00007ffdb3706000 	C:\Windows\system32\rsaenh.dll
0x00007ffdb3d50000 - 0x00007ffdb3d76000 	C:\Windows\SYSTEM32\bcrypt.dll
0x00007ffdb3710000 - 0x00007ffdb3731000 	C:\Windows\SYSTEM32\USERENV.dll
0x00007ffdab3d0000 - 0x00007ffdab3e6000 	C:\Windows\SYSTEM32\dhcpcsvc6.DLL
0x00007ffdab3b0000 - 0x00007ffdab3ca000 	C:\Windows\SYSTEM32\dhcpcsvc.DLL
0x00007ffdaa530000 - 0x00007ffdaa554000 	C:\Program Files\Android\Android Studio\jre\jre\bin\sunec.dll
0x00007ffdb3820000 - 0x00007ffdb38c4000 	C:\Windows\SYSTEM32\DNSAPI.dll
0x000000005b750000 - 0x000000005b776000 	C:\Program Files\Bonjour\mdnsNSP.dll
0x00007ffda93a0000 - 0x00007ffda93aa000 	C:\Windows\System32\rasadhlp.dll
0x00007ffdab0a0000 - 0x00007ffdab10b000 	C:\Windows\System32\fwpuclnt.dll
0x00007ffdb0b30000 - 0x00007ffdb0b3b000 	C:\Program Files\Android\Android Studio\jre\jre\bin\sunmscapi.dll
0x00007ffdb4420000 - 0x00007ffdb45ff000 	C:\Windows\system32\CRYPT32.dll
0x00007ffdb42d0000 - 0x00007ffdb42e1000 	C:\Windows\system32\MSASN1.dll

VM Arguments:
jvm_args: -Xmx1536m -Dfile.encoding=GBK -Duser.country=CN -Duser.language=zh -Duser.variant 
java_command: org.gradle.launcher.daemon.bootstrap.GradleDaemon 5.4.1
java_class_path (initial): C:\Users\JB\.gradle\wrapper\dists\gradle-5.4.1-all\3221gyojl5jsh0helicew7rwx\gradle-5.4.1\lib\gradle-launcher-5.4.1.jar
Launcher Type: SUN_STANDARD

Environment Variables:
PATH=C:\Windows\system32;C:\Windows;C:\Windows\System32\Wbem;C:\Windows\System32\WindowsPowerShell\v1.0\;C:\Program Files (x86)\Skype\Phone\;C:\Program Files (x86)\Windows Live\Shared;C:\Program Files\dotnet\;C:\Program Files\Microsoft SQL Server\130\Tools\Binn\;C:\Program Files\Microsoft SQL Server\Client SDK\ODBC\170\Tools\Binn\;C:\TDM-GCC-64\bin;C:\Program Files\nodejs\;C:\ProgramData\chocolatey\bin;C:\Users\JB\AppData\Local\Programs\Fiddler;C:\Users\JB\AppData\Local\GitHubDesktop\bin;C:\Users\JB\AppData\Roaming\npm
USERNAME=JB
OS=Windows_NT
PROCESSOR_IDENTIFIER=Intel64 Family 6 Model 60 Stepping 3, GenuineIntel



---------------  S Y S T E M  ---------------

OS: Windows 8.1 , 64 bit Build 9600 (6.3.9600.19538)

CPU:total 8 (initial active 8) (4 cores per cpu, 2 threads per core) family 6 model 60 stepping 3, cmov, cx8, fxsr, mmx, sse, sse2, sse3, ssse3, sse4.1, sse4.2, popcnt, avx, avx2, aes, clmul, erms, lzcnt, ht, tsc, tscinvbit, bmi1, bmi2

Memory: 4k page, physical 16634124k(2990580k free), swap 16634124k(5324k free)

vm_info: OpenJDK 64-Bit Server VM (25.202-b03) for windows-amd64 JRE (1.8.0_202-release-1483-b03), built by "builder" with MS VC++ 10.0 (VS2010)

time: Sun Jan 26 21:49:13 2020
timezone: 美国东部标准时间
elapsed time: 1212 seconds (0d 0h 20m 12s)

